Arguments: 
  /usr/local/bin/node /opt/yarn-v1.22.19/bin/yarn.js install

PATH: 
  /usr/local/share/nvm/current/bin:/usr/local/share/npm-global/bin:/usr/local/sbin:/usr/local/bin:/usr/sbin:/usr/bin:/sbin:/bin

Yarn version: 
  1.22.19

Node version: 
  20.2.0

Platform: 
  linux x64

Trace: 
  Error: ENOSPC: no space left on device, write

npm manifest: 
  {
    "name": "musala-test",
    "version": "1.0.0",
    "description": "[[_TOC_]]",
    "main": "index.js",
    "scripts": {
      "build": "rm -rf build/ && tsc",
      "start": "node build/server.js",
      "test": "jest",
      "start-gateway-server": "nodemon src/gatewayServer.ts"
    },
    "repository": {
      "type": "git",
      "url": "git+https://github.com/50NiC613/prueba-musala.git"
    },
    "author": "",
    "license": "ISC",
    "bugs": {
      "url": "https://github.com/50NiC613/prueba-musala/issues"
    },
    "homepage": "https://github.com/50NiC613/prueba-musala#readme",
    "dependencies": {
      "chalk": "^4.1.2",
      "dotenv": "^16.3.1",
      "express": "^4.18.2",
      "joi": "^17.11.0",
      "mongoose": "^7.6.3",
      "nodemon": "^3.0.1",
      "ts-node": "^10.9.1"
    },
    "devDependencies": {
      "@types/express": "^4.17.19",
      "@types/jest": "^29.5.6",
      "@types/supertest": "^2.0.15",
      "jest": "^29.7.0",
      "supertest": "^6.3.3",
      "typescript": "^5.2.2"
    }
  }

yarn manifest: 
  No manifest

Lockfile: 
  No lockfile
